Using pre-set license
Built from '6000.0/release' branch; Version is '6000.0.43f1 (97272b72f107) revision 9905963'; Using compiler version '193933523'; Build Type 'Release'
OS: 'Windows 11  (10.0.26100) 64bit Professional' Language: 'ja' Physical Memory: 16321 MB
BatchMode: 1, IsHumanControllingUs: 0, StartBugReporterOnCrash: 0, Is64bit: 1, IsPro: 1

COMMAND LINE ARGUMENTS:
C:\Program Files\Unity\Hub\Editor\6000.0.43f1\Editor\Unity.exe
-adb2
-batchMode
-noUpm
-name
AssetImportWorker0
-projectPath
D:/23CU0338/METAL
-logFile
Logs/AssetImportWorker0.log
-srvPort
59215
-job-worker-count
2
-background-job-worker-count
8
-gc-helper-count
1
Successfully changed project path to: D:/23CU0338/METAL
D:/23CU0338/METAL
[UnityMemory] Configuration Parameters - Can be set up in boot.config
    "memorysetup-bucket-allocator-granularity=16"
    "memorysetup-bucket-allocator-bucket-count=8"
    "memorysetup-bucket-allocator-block-size=33554432"
    "memorysetup-bucket-allocator-block-count=8"
    "memorysetup-main-allocator-block-size=16777216"
    "memorysetup-thread-allocator-block-size=16777216"
    "memorysetup-gfx-main-allocator-block-size=16777216"
    "memorysetup-gfx-thread-allocator-block-size=16777216"
    "memorysetup-cache-allocator-block-size=4194304"
    "memorysetup-typetree-allocator-block-size=2097152"
    "memorysetup-profiler-bucket-allocator-granularity=16"
    "memorysetup-profiler-bucket-allocator-bucket-count=8"
    "memorysetup-profiler-bucket-allocator-block-size=33554432"
    "memorysetup-profiler-bucket-allocator-block-count=8"
    "memorysetup-profiler-allocator-block-size=16777216"
    "memorysetup-profiler-editor-allocator-block-size=1048576"
    "memorysetup-temp-allocator-size-main=16777216"
    "memorysetup-job-temp-allocator-block-size=2097152"
    "memorysetup-job-temp-allocator-block-size-background=1048576"
    "memorysetup-job-temp-allocator-reduction-small-platforms=262144"
    "memorysetup-allocator-temp-initial-block-size-main=262144"
    "memorysetup-allocator-temp-initial-block-size-worker=262144"
    "memorysetup-temp-allocator-size-background-worker=32768"
    "memorysetup-temp-allocator-size-job-worker=262144"
    "memorysetup-temp-allocator-size-preload-manager=33554432"
    "memorysetup-temp-allocator-size-nav-mesh-worker=65536"
    "memorysetup-temp-allocator-size-audio-worker=65536"
    "memorysetup-temp-allocator-size-cloud-worker=32768"
    "memorysetup-temp-allocator-size-gi-baking-worker=262144"
    "memorysetup-temp-allocator-size-gi-baking-worker=262144"
    "memorysetup-temp-allocator-size-gi-baking-worker=262144"
    "memorysetup-temp-allocator-size-gi-baking-worker=262144"
    "memorysetup-temp-allocator-size-gi-baking-worker=262144"
    "memorysetup-temp-allocator-size-gfx=262144"
Player connection [3480]  Target information:

Player connection [3480]  * "[IP] 10.40.192.5 [Port] 0 [Flags] 2 [Guid] 1302080718 [EditorId] 1302080718 [Version] 1048832 [Id] WindowsEditor(7,DESKTOP-LKKHAGK) [Debug] 1 [PackageName] WindowsEditor [ProjectName] Editor" 

Player connection [3480] Host joined multi-casting on [225.0.0.222:54997]...
Player connection [3480] Host joined alternative multi-casting on [225.0.0.222:34997]...
JobSystem: Creating JobQueue using job-worker-count value 2
Input System module state changed to: Initialized.
[Physics::Module] Initialized fallback backend.
[Physics::Module] Id: 0xdecafbad
Library Redirect Path: Library/
[Physics::Module] Selected backend.
[Physics::Module] Name: PhysX
[Physics::Module] Id: 0xf2b8ea05
[Physics::Module] SDK Version: 4.1.2
[Physics::Module] Integration Version: 1.0.0
[Physics::Module] Threading Mode: Multi-Threaded
Refreshing native plugins compatible for Editor in 2.30 ms, found 4 plugins.
Preloading 0 native plugins for Editor in 0.00 ms.
Initialize engine version: 6000.0.43f1 (97272b72f107)
[Subsystems] Discovering subsystems at path C:/Program Files/Unity/Hub/Editor/6000.0.43f1/Editor/Data/Resources/UnitySubsystems
[Subsystems] Discovering subsystems at path D:/23CU0338/METAL/Assets
GfxDevice: creating device client; kGfxThreadingModeNonThreaded
Direct3D:
    Version:  Direct3D 11.0 [level 11.1]
    Renderer: NVIDIA GeForce RTX 2070 (ID=0x1f02)
    Vendor:   NVIDIA
    VRAM:     8006 MB
    Driver:   32.0.15.6094
Initialize mono
Mono path[0] = 'C:/Program Files/Unity/Hub/Editor/6000.0.43f1/Editor/Data/Managed'
Mono path[1] = 'C:/Program Files/Unity/Hub/Editor/6000.0.43f1/Editor/Data/MonoBleedingEdge/lib/mono/unityjit-win32'
Mono config path = 'C:/Program Files/Unity/Hub/Editor/6000.0.43f1/Editor/Data/MonoBleedingEdge/etc'
Using monoOptions --debugger-agent=transport=dt_socket,embedding=1,server=y,suspend=n,address=127.0.0.1:56692
Begin MonoManager ReloadAssembly
Registering precompiled unity dll's ...
Register platform support module: C:/Program Files/Unity/Hub/Editor/6000.0.43f1/Editor/Data/PlaybackEngines/WebGLSupport/UnityEditor.WebGL.Extensions.dll
Register platform support module: C:/Program Files/Unity/Hub/Editor/6000.0.43f1/Editor/Data/PlaybackEngines/WindowsStandaloneSupport/UnityEditor.WindowsStandalone.Extensions.dll
Registered in 0.004059 seconds.
- Loaded All Assemblies, in  0.478 seconds
Native extension for WindowsStandalone target not found
Native extension for WebGL target not found
Mono: successfully reloaded assembly
- Finished resetting the current domain, in  0.404 seconds
Domain Reload Profiling: 879ms
	BeginReloadAssembly (157ms)
		ExecutionOrderSort (0ms)
		DisableScriptedObjects (0ms)
		BackupInstance (0ms)
		ReleaseScriptingObjects (0ms)
		CreateAndSetChildDomain (1ms)
	RebuildCommonClasses (44ms)
	RebuildNativeTypeToScriptingClass (14ms)
	initialDomainReloadingComplete (60ms)
	LoadAllAssembliesAndSetupDomain (200ms)
		LoadAssemblies (154ms)
		RebuildTransferFunctionScriptingTraits (0ms)
		AnalyzeDomain (197ms)
			TypeCache.Refresh (194ms)
				TypeCache.ScanAssembly (178ms)
			BuildScriptInfoCaches (0ms)
			ResolveRequiredComponents (1ms)
	FinalizeReload (404ms)
		ReleaseScriptCaches (0ms)
		RebuildScriptCaches (0ms)
		SetupLoadedEditorAssemblies (349ms)
			LogAssemblyErrors (0ms)
			InitializePlatformSupportModulesInManaged (26ms)
			SetLoadedEditorAssemblies (6ms)
			BeforeProcessingInitializeOnLoad (72ms)
			ProcessInitializeOnLoadAttributes (182ms)
			ProcessInitializeOnLoadMethodAttributes (64ms)
			AfterProcessingInitializeOnLoad (0ms)
			EditorAssembliesLoaded (0ms)
		ExecutionOrderSort2 (0ms)
		AwakeInstancesAfterBackupRestoration (0ms)
========================================================================
Worker process is ready to serve import requests
Import Worker Mode flag is 0x00
Begin MonoManager ReloadAssembly
- Loaded All Assemblies, in  0.895 seconds
Script 'Camera' has the same name as built-in Unity component.
AddComponent and GetComponent will not work with this script.
Refreshing native plugins compatible for Editor in 1.33 ms, found 4 plugins.
Native extension for WindowsStandalone target not found
Native extension for WebGL target not found
Mono: successfully reloaded assembly
- Finished resetting the current domain, in  0.846 seconds
Domain Reload Profiling: 1738ms
	BeginReloadAssembly (197ms)
		ExecutionOrderSort (0ms)
		DisableScriptedObjects (7ms)
		BackupInstance (0ms)
		ReleaseScriptingObjects (0ms)
		CreateAndSetChildDomain (32ms)
	RebuildCommonClasses (41ms)
	RebuildNativeTypeToScriptingClass (14ms)
	initialDomainReloadingComplete (42ms)
	LoadAllAssembliesAndSetupDomain (597ms)
		LoadAssemblies (387ms)
		RebuildTransferFunctionScriptingTraits (0ms)
		AnalyzeDomain (327ms)
			TypeCache.Refresh (250ms)
				TypeCache.ScanAssembly (230ms)
			BuildScriptInfoCaches (61ms)
			ResolveRequiredComponents (12ms)
	FinalizeReload (847ms)
		ReleaseScriptCaches (0ms)
		RebuildScriptCaches (0ms)
		SetupLoadedEditorAssemblies (689ms)
			LogAssemblyErrors (0ms)
			InitializePlatformSupportModulesInManaged (3ms)
			SetLoadedEditorAssemblies (5ms)
			BeforeProcessingInitializeOnLoad (130ms)
			ProcessInitializeOnLoadAttributes (427ms)
			ProcessInitializeOnLoadMethodAttributes (118ms)
			AfterProcessingInitializeOnLoad (5ms)
			EditorAssembliesLoaded (0ms)
		ExecutionOrderSort2 (0ms)
		AwakeInstancesAfterBackupRestoration (8ms)
Launched and connected shader compiler UnityShaderCompiler.exe after 0.01 seconds
Refreshing native plugins compatible for Editor in 1.60 ms, found 4 plugins.
Preloading 0 native plugins for Editor in 0.00 ms.
Unloading 206 Unused Serialized files (Serialized files now loaded: 0)
Unloading 6569 unused Assets / (4.8 MB). Loaded Objects now: 7267.
Memory consumption went from 167.7 MB to 162.9 MB.
Total: 10.003200 ms (FindLiveObjects: 0.796200 ms CreateObjectMapping: 1.189900 ms MarkObjects: 5.127700 ms  DeleteObjects: 2.888200 ms)

========================================================================
Received Import Request.
  Time since last request: 7953.874393 seconds.
  path: Assets/Object/Prefab/meteo.prefab
  artifactKey: Guid(758cf477f00142c46b2729296577f37a) Importer(815301076,1909f56bfc062723c751e8b465ee728b)
Start importing Assets/Object/Prefab/meteo.prefab using Guid(758cf477f00142c46b2729296577f37a) Importer(815301076,1909f56bfc062723c751e8b465ee728b) (PreviewImporter) -> (artifact id: '6c9139f287f3be428e158b11b81b3a38') in 0.5431621 seconds
Number of updated asset objects reloaded before import = 0Number of asset objects unloaded after import = 10

========================================================================
Received Import Request.
  Time since last request: 0.000055 seconds.
  path: Assets/Object/Prefab/R18boss_0 1.prefab
  artifactKey: Guid(39b80f32e4d173f4380e8d3d62cba80e) Importer(815301076,1909f56bfc062723c751e8b465ee728b)
Start importing Assets/Object/Prefab/R18boss_0 1.prefab using Guid(39b80f32e4d173f4380e8d3d62cba80e) Importer(815301076,1909f56bfc062723c751e8b465ee728b) (PreviewImporter) -> (artifact id: 'be2ff86b72772cd7f603d3e0ad838e7b') in 0.027387 seconds
Number of updated asset objects reloaded before import = 0Number of asset objects unloaded after import = 50

========================================================================
Received Import Request.
  Time since last request: 0.000031 seconds.
  path: Assets/Object/Prefab/Player.prefab
  artifactKey: Guid(956fcc5f062e65b49ae3c03248937009) Importer(815301076,1909f56bfc062723c751e8b465ee728b)
Start importing Assets/Object/Prefab/Player.prefab using Guid(956fcc5f062e65b49ae3c03248937009) Importer(815301076,1909f56bfc062723c751e8b465ee728b) (PreviewImporter) -> (artifact id: '112e007c3e96c388e075a4ac602cf82d') in 0.0185141 seconds
Number of updated asset objects reloaded before import = 0Number of asset objects unloaded after import = 28

========================================================================
Received Import Request.
  Time since last request: 0.000021 seconds.
  path: Assets/Object/material/LaserMaterial.mat
  artifactKey: Guid(cc70937fd59423c4ea04e5056d3a02c0) Importer(815301076,1909f56bfc062723c751e8b465ee728b)
Start importing Assets/Object/material/LaserMaterial.mat using Guid(cc70937fd59423c4ea04e5056d3a02c0) Importer(815301076,1909f56bfc062723c751e8b465ee728b) (PreviewImporter) -> (artifact id: '35e48353a1bebc0f583f46572f0c8453') in 0.1368861 seconds
Number of updated asset objects reloaded before import = 0Number of asset objects unloaded after import = 1

========================================================================
Received Import Request.
  Time since last request: 0.000032 seconds.
  path: Assets/Object/Prefab/R18boss_0.prefab
  artifactKey: Guid(ef5d9b728994c9f479d9a68104c64820) Importer(815301076,1909f56bfc062723c751e8b465ee728b)
Start importing Assets/Object/Prefab/R18boss_0.prefab using Guid(ef5d9b728994c9f479d9a68104c64820) Importer(815301076,1909f56bfc062723c751e8b465ee728b) (PreviewImporter) -> (artifact id: '76483797f067c50b1fd6ff9f19c8d289') in 0.020081 seconds
Number of updated asset objects reloaded before import = 0Number of asset objects unloaded after import = 12

========================================================================
Received Import Request.
  Time since last request: 0.000038 seconds.
  path: Assets/Object/Prefab/DB_0.prefab
  artifactKey: Guid(4d6f18195957cc74d84aad7fa517977f) Importer(815301076,1909f56bfc062723c751e8b465ee728b)
Start importing Assets/Object/Prefab/DB_0.prefab using Guid(4d6f18195957cc74d84aad7fa517977f) Importer(815301076,1909f56bfc062723c751e8b465ee728b) (PreviewImporter) -> (artifact id: '8b84a0737eb51a993f975e8fc74a50d7') in 0.0154068 seconds
Number of updated asset objects reloaded before import = 0Number of asset objects unloaded after import = 10

========================================================================
Received Import Request.
  Time since last request: 0.000021 seconds.
  path: Assets/Object/Prefab/Bullet.prefab
  artifactKey: Guid(5b0591434a56c8a4884981ec205b639c) Importer(815301076,1909f56bfc062723c751e8b465ee728b)
Start importing Assets/Object/Prefab/Bullet.prefab using Guid(5b0591434a56c8a4884981ec205b639c) Importer(815301076,1909f56bfc062723c751e8b465ee728b) (PreviewImporter) -> (artifact id: '53f86c4027e969fed136c13550566a9b') in 0.0145194 seconds
Number of updated asset objects reloaded before import = 0Number of asset objects unloaded after import = 9

========================================================================
Received Import Request.
  Time since last request: 0.000022 seconds.
  path: Assets/Object/PlayerBullet.png
  artifactKey: Guid(b589dd72d0f248a43974216f919dd5cc) Importer(815301076,1909f56bfc062723c751e8b465ee728b)
Start importing Assets/Object/PlayerBullet.png using Guid(b589dd72d0f248a43974216f919dd5cc) Importer(815301076,1909f56bfc062723c751e8b465ee728b) (PreviewImporter) -> (artifact id: 'd0381898734945cdc3878166461231c1') in 0.0403627 seconds
Number of updated asset objects reloaded before import = 0Number of asset objects unloaded after import = 3

========================================================================
Received Import Request.
  Time since last request: 0.000021 seconds.
  path: Assets/Object/Prefab/Enemy.prefab
  artifactKey: Guid(3446df05d2f183b41a1e035e7a6dcbf0) Importer(815301076,1909f56bfc062723c751e8b465ee728b)
Start importing Assets/Object/Prefab/Enemy.prefab using Guid(3446df05d2f183b41a1e035e7a6dcbf0) Importer(815301076,1909f56bfc062723c751e8b465ee728b) (PreviewImporter) -> (artifact id: '2f4037eb329c4b527de3ab1357077702') in 0.0143033 seconds
Number of updated asset objects reloaded before import = 0Number of asset objects unloaded after import = 9

========================================================================
Received Import Request.
  Time since last request: 0.000022 seconds.
  path: Assets/Object/Prefab/Enemy_0.prefab
  artifactKey: Guid(fbeea6fa0c7eb6845aecff0a5b29c12e) Importer(815301076,1909f56bfc062723c751e8b465ee728b)
Start importing Assets/Object/Prefab/Enemy_0.prefab using Guid(fbeea6fa0c7eb6845aecff0a5b29c12e) Importer(815301076,1909f56bfc062723c751e8b465ee728b) (PreviewImporter) -> (artifact id: '01e44f656ae178445a963623d4c9b003') in 0.0149115 seconds
Number of updated asset objects reloaded before import = 0Number of asset objects unloaded after import = 18

========================================================================
Received Import Request.
  Time since last request: 0.000028 seconds.
  path: Assets/Object/Prefab/laser.prefab
  artifactKey: Guid(388d37bf2923994468393c2367d7e52a) Importer(815301076,1909f56bfc062723c751e8b465ee728b)
Start importing Assets/Object/Prefab/laser.prefab using Guid(388d37bf2923994468393c2367d7e52a) Importer(815301076,1909f56bfc062723c751e8b465ee728b) (PreviewImporter) -> (artifact id: 'be356257534333cddad37f223fd905d9') in 0.0151008 seconds
Number of updated asset objects reloaded before import = 0Number of asset objects unloaded after import = 14

========================================================================
Received Import Request.
  Time since last request: 60.465888 seconds.
  path: Assets/Object/Prefab/PlayerBullet_0.prefab
  artifactKey: Guid(12a06982e616ba045b7406f63c7823a7) Importer(815301076,1909f56bfc062723c751e8b465ee728b)
Start importing Assets/Object/Prefab/PlayerBullet_0.prefab using Guid(12a06982e616ba045b7406f63c7823a7) Importer(815301076,1909f56bfc062723c751e8b465ee728b) (PreviewImporter) -> (artifact id: 'a9457140cc2b0f7b4237761e75c47392') in 0.0204055 seconds
Number of updated asset objects reloaded before import = 0Number of asset objects unloaded after import = 7

========================================================================
Received Import Request.
  Time since last request: 33.114292 seconds.
  path: Assets/Object/Prefab/PlayerBullet_0.prefab
  artifactKey: Guid(12a06982e616ba045b7406f63c7823a7) Importer(815301076,1909f56bfc062723c751e8b465ee728b)
Start importing Assets/Object/Prefab/PlayerBullet_0.prefab using Guid(12a06982e616ba045b7406f63c7823a7) Importer(815301076,1909f56bfc062723c751e8b465ee728b) (PreviewImporter) -> (artifact id: 'b19b6362d4536f4a075c3028f5d851cc') in 0.015666 seconds
Number of updated asset objects reloaded before import = 0Number of asset objects unloaded after import = 7

========================================================================
Received Import Request.
  Time since last request: 1.885781 seconds.
  path: Assets/Object/Prefab/PlayerBullet_0.prefab
  artifactKey: Guid(12a06982e616ba045b7406f63c7823a7) Importer(815301076,1909f56bfc062723c751e8b465ee728b)
Start importing Assets/Object/Prefab/PlayerBullet_0.prefab using Guid(12a06982e616ba045b7406f63c7823a7) Importer(815301076,1909f56bfc062723c751e8b465ee728b) (PreviewImporter) -> (artifact id: 'b4195e0ea6cc10b3fb03cb31f654a1c8') in 0.0161658 seconds
Number of updated asset objects reloaded before import = 0Number of asset objects unloaded after import = 7

========================================================================
Received Import Request.
  Time since last request: 23.555823 seconds.
  path: Assets/Object/Prefab/PlayerBullet_0.prefab
  artifactKey: Guid(12a06982e616ba045b7406f63c7823a7) Importer(815301076,1909f56bfc062723c751e8b465ee728b)
Start importing Assets/Object/Prefab/PlayerBullet_0.prefab using Guid(12a06982e616ba045b7406f63c7823a7) Importer(815301076,1909f56bfc062723c751e8b465ee728b) (PreviewImporter) -> (artifact id: 'b627c37f3fd7765862e427dd7b8e5674') in 0.0165973 seconds
Number of updated asset objects reloaded before import = 0Number of asset objects unloaded after import = 8

========================================================================
Received Import Request.
  Time since last request: 3.662609 seconds.
  path: Assets/Object/Prefab/PlayerBullet_0.prefab
  artifactKey: Guid(12a06982e616ba045b7406f63c7823a7) Importer(815301076,1909f56bfc062723c751e8b465ee728b)
Start importing Assets/Object/Prefab/PlayerBullet_0.prefab using Guid(12a06982e616ba045b7406f63c7823a7) Importer(815301076,1909f56bfc062723c751e8b465ee728b) (PreviewImporter) -> (artifact id: '79fbd0a6fe45365e7a7df98c31fed241') in 0.0157564 seconds
Number of updated asset objects reloaded before import = 0Number of asset objects unloaded after import = 8

========================================================================
Received Import Request.
  Time since last request: 6.277388 seconds.
  path: Assets/Object/Prefab/PlayerBullet_0.prefab
  artifactKey: Guid(12a06982e616ba045b7406f63c7823a7) Importer(815301076,1909f56bfc062723c751e8b465ee728b)
Start importing Assets/Object/Prefab/PlayerBullet_0.prefab using Guid(12a06982e616ba045b7406f63c7823a7) Importer(815301076,1909f56bfc062723c751e8b465ee728b) (PreviewImporter) -> (artifact id: '46e64532358104cc2f93b7f61337ce08') in 0.0169001 seconds
Number of updated asset objects reloaded before import = 0Number of asset objects unloaded after import = 9

========================================================================
Received Prepare
Begin MonoManager ReloadAssembly
- Loaded All Assemblies, in  0.818 seconds
Script 'Camera' has the same name as built-in Unity component.
AddComponent and GetComponent will not work with this script.
Refreshing native plugins compatible for Editor in 1.31 ms, found 4 plugins.
Native extension for WindowsStandalone target not found
Native extension for WebGL target not found
Mono: successfully reloaded assembly
- Finished resetting the current domain, in  0.844 seconds
Domain Reload Profiling: 1663ms
	BeginReloadAssembly (264ms)
		ExecutionOrderSort (0ms)
		DisableScriptedObjects (40ms)
		BackupInstance (0ms)
		ReleaseScriptingObjects (0ms)
		CreateAndSetChildDomain (63ms)
	RebuildCommonClasses (47ms)
	RebuildNativeTypeToScriptingClass (17ms)
	initialDomainReloadingComplete (28ms)
	LoadAllAssembliesAndSetupDomain (463ms)
		LoadAssemblies (373ms)
		RebuildTransferFunctionScriptingTraits (0ms)
		AnalyzeDomain (205ms)
			TypeCache.Refresh (7ms)
				TypeCache.ScanAssembly (0ms)
			BuildScriptInfoCaches (181ms)
			ResolveRequiredComponents (12ms)
	FinalizeReload (844ms)
		ReleaseScriptCaches (0ms)
		RebuildScriptCaches (0ms)
		SetupLoadedEditorAssemblies (621ms)
			LogAssemblyErrors (0ms)
			InitializePlatformSupportModulesInManaged (3ms)
			SetLoadedEditorAssemblies (5ms)
			BeforeProcessingInitializeOnLoad (122ms)
			ProcessInitializeOnLoadAttributes (407ms)
			ProcessInitializeOnLoadMethodAttributes (78ms)
			AfterProcessingInitializeOnLoad (6ms)
			EditorAssembliesLoaded (0ms)
		ExecutionOrderSort2 (0ms)
		AwakeInstancesAfterBackupRestoration (19ms)
Refreshing native plugins compatible for Editor in 1.46 ms, found 4 plugins.
Preloading 0 native plugins for Editor in 0.00 ms.
Unloading 13 Unused Serialized files (Serialized files now loaded: 0)
Unloading 6567 unused Assets / (4.9 MB). Loaded Objects now: 7342.
Memory consumption went from 146.3 MB to 141.4 MB.
Total: 10.532800 ms (FindLiveObjects: 0.759300 ms CreateObjectMapping: 1.663600 ms MarkObjects: 5.326200 ms  DeleteObjects: 2.782200 ms)

Prepare: number of updated asset objects reloaded= 0
========================================================================
Received Import Request.
  Time since last request: 70.181406 seconds.
  path: Assets/Object/Prefab/PlayerBullet.prefab
  artifactKey: Guid(12a06982e616ba045b7406f63c7823a7) Importer(815301076,1909f56bfc062723c751e8b465ee728b)
Start importing Assets/Object/Prefab/PlayerBullet.prefab using Guid(12a06982e616ba045b7406f63c7823a7) Importer(815301076,1909f56bfc062723c751e8b465ee728b) (PreviewImporter) -> (artifact id: '8755ae8e8c9d99b9ba7edbeb37779ec6') in 0.5855151 seconds
Number of updated asset objects reloaded before import = 0Number of asset objects unloaded after import = 9

========================================================================
Received Import Request.
  Time since last request: 4.346354 seconds.
  path: Assets/Object/Prefab/Player.prefab
  artifactKey: Guid(956fcc5f062e65b49ae3c03248937009) Importer(815301076,1909f56bfc062723c751e8b465ee728b)
Start importing Assets/Object/Prefab/Player.prefab using Guid(956fcc5f062e65b49ae3c03248937009) Importer(815301076,1909f56bfc062723c751e8b465ee728b) (PreviewImporter) -> (artifact id: '756c3444b69c55f7a024ee318daccf4a') in 0.0248203 seconds
Number of updated asset objects reloaded before import = 0Number of asset objects unloaded after import = 20

========================================================================
Received Prepare
Begin MonoManager ReloadAssembly
- Loaded All Assemblies, in  0.730 seconds
Script 'Camera' has the same name as built-in Unity component.
AddComponent and GetComponent will not work with this script.
Refreshing native plugins compatible for Editor in 1.53 ms, found 4 plugins.
Native extension for WindowsStandalone target not found
Native extension for WebGL target not found
Mono: successfully reloaded assembly
- Finished resetting the current domain, in  0.827 seconds
Domain Reload Profiling: 1558ms
	BeginReloadAssembly (228ms)
		ExecutionOrderSort (0ms)
		DisableScriptedObjects (26ms)
		BackupInstance (0ms)
		ReleaseScriptingObjects (0ms)
		CreateAndSetChildDomain (57ms)
	RebuildCommonClasses (37ms)
	RebuildNativeTypeToScriptingClass (14ms)
	initialDomainReloadingComplete (26ms)
	LoadAllAssembliesAndSetupDomain (425ms)
		LoadAssemblies (331ms)
		RebuildTransferFunctionScriptingTraits (0ms)
		AnalyzeDomain (198ms)
			TypeCache.Refresh (7ms)
				TypeCache.ScanAssembly (0ms)
			BuildScriptInfoCaches (177ms)
			ResolveRequiredComponents (11ms)
	FinalizeReload (828ms)
		ReleaseScriptCaches (0ms)
		RebuildScriptCaches (0ms)
		SetupLoadedEditorAssemblies (613ms)
			LogAssemblyErrors (0ms)
			InitializePlatformSupportModulesInManaged (3ms)
			SetLoadedEditorAssemblies (5ms)
			BeforeProcessingInitializeOnLoad (123ms)
			ProcessInitializeOnLoadAttributes (396ms)
			ProcessInitializeOnLoadMethodAttributes (79ms)
			AfterProcessingInitializeOnLoad (6ms)
			EditorAssembliesLoaded (0ms)
		ExecutionOrderSort2 (0ms)
		AwakeInstancesAfterBackupRestoration (19ms)
Refreshing native plugins compatible for Editor in 1.52 ms, found 4 plugins.
Preloading 0 native plugins for Editor in 0.00 ms.
Unloading 13 Unused Serialized files (Serialized files now loaded: 0)
Unloading 6567 unused Assets / (4.4 MB). Loaded Objects now: 7366.
Memory consumption went from 147.9 MB to 143.5 MB.
Total: 11.045900 ms (FindLiveObjects: 0.912300 ms CreateObjectMapping: 1.325900 ms MarkObjects: 5.710300 ms  DeleteObjects: 3.096400 ms)

Prepare: number of updated asset objects reloaded= 0
